<?xml version="1.0" encoding="UTF-8"?>
<coverage generated="1774908662827" clover="3.2.0">
  <project timestamp="1774908662827" name="All files">
    <metrics statements="127" coveredstatements="117" conditionals="93" coveredconditionals="85" methods="25" coveredmethods="23" elements="245" coveredelements="225" complexity="0" loc="127" ncloc="127" packages="1" files="4" classes="4"/>
    <file name="freepay.js" path="/home/runner/work/Blue-Star/Blue-Star/freepay.js">
      <metrics statements="32" coveredstatements="31" conditionals="29" coveredconditionals="28" methods="5" coveredmethods="5"/>
      <line num="12" count="2" type="stmt"/>
      <line num="13" count="2" type="stmt"/>
      <line num="16" count="2" type="stmt"/>
      <line num="24" count="48" type="cond" truecount="2" falsecount="0"/>
      <line num="25" count="28" type="stmt"/>
      <line num="27" count="48" type="stmt"/>
      <line num="40" count="28" type="cond" truecount="4" falsecount="0"/>
      <line num="41" count="1" type="stmt"/>
      <line num="43" count="27" type="cond" truecount="4" falsecount="0"/>
      <line num="44" count="2" type="stmt"/>
      <line num="47" count="25" type="stmt"/>
      <line num="48" count="25" type="stmt"/>
      <line num="50" count="25" type="stmt"/>
      <line num="60" count="25" type="stmt"/>
      <line num="61" count="25" type="stmt"/>
      <line num="75" count="14" type="cond" truecount="3" falsecount="1"/>
      <line num="76" count="0" type="stmt"/>
      <line num="78" count="14" type="cond" truecount="4" falsecount="0"/>
      <line num="79" count="2" type="stmt"/>
      <line num="81" count="12" type="cond" truecount="4" falsecount="0"/>
      <line num="82" count="1" type="stmt"/>
      <line num="85" count="11" type="stmt"/>
      <line num="86" count="11" type="stmt"/>
      <line num="88" count="11" type="cond" truecount="2" falsecount="0"/>
      <line num="89" count="2" type="stmt"/>
      <line num="94" count="9" type="stmt"/>
      <line num="96" count="9" type="stmt"/>
      <line num="108" count="9" type="stmt"/>
      <line num="110" count="9" type="stmt"/>
      <line num="125" count="9" type="stmt"/>
      <line num="132" count="36" type="stmt"/>
      <line num="135" count="2" type="stmt"/>
    </file>
    <file name="gls.js" path="/home/runner/work/Blue-Star/Blue-Star/gls.js">
      <metrics statements="15" coveredstatements="15" conditionals="8" coveredconditionals="7" methods="10" coveredmethods="10"/>
      <line num="13" count="3" type="stmt"/>
      <line num="20" count="63" type="cond" truecount="4" falsecount="0"/>
      <line num="21" count="2" type="stmt"/>
      <line num="23" count="61" type="stmt"/>
      <line num="32" count="21" type="cond" truecount="2" falsecount="0"/>
      <line num="33" count="32" type="stmt"/>
      <line num="35" count="8" type="stmt"/>
      <line num="44" count="5" type="stmt"/>
      <line num="45" count="11" type="stmt"/>
      <line num="46" count="8" type="stmt"/>
      <line num="55" count="5" type="stmt"/>
      <line num="56" count="11" type="stmt"/>
      <line num="57" count="7" type="cond" truecount="1" falsecount="1"/>
      <line num="64" count="46" type="stmt"/>
      <line num="67" count="3" type="stmt"/>
    </file>
    <file name="qr.js" path="/home/runner/work/Blue-Star/Blue-Star/qr.js">
      <metrics statements="16" coveredstatements="13" conditionals="13" coveredconditionals="10" methods="2" coveredmethods="2"/>
      <line num="11" count="1" type="stmt"/>
      <line num="24" count="1" type="stmt"/>
      <line num="25" count="1" type="stmt"/>
      <line num="26" count="1" type="stmt"/>
      <line num="27" count="1" type="stmt"/>
      <line num="28" count="1" type="cond" truecount="1" falsecount="1"/>
      <line num="29" count="0" type="stmt"/>
      <line num="31" count="1" type="stmt"/>
      <line num="43" count="1" type="cond" truecount="5" falsecount="1"/>
      <line num="44" count="0" type="stmt"/>
      <line num="48" count="1" type="cond" truecount="3" falsecount="1"/>
      <line num="49" count="0" type="stmt"/>
      <line num="52" count="1" type="stmt"/>
      <line num="53" count="1" type="stmt"/>
      <line num="54" count="1" type="stmt"/>
      <line num="57" count="1" type="stmt"/>
    </file>
    <file name="server.js" path="/home/runner/work/Blue-Star/Blue-Star/server.js">
      <metrics statements="64" coveredstatements="58" conditionals="43" coveredconditionals="40" methods="8" coveredmethods="6"/>
      <line num="19" count="1" type="stmt"/>
      <line num="20" count="1" type="stmt"/>
      <line num="21" count="1" type="stmt"/>
      <line num="22" count="1" type="stmt"/>
      <line num="23" count="1" type="stmt"/>
      <line num="25" count="1" type="stmt"/>
      <line num="26" count="1" type="stmt"/>
      <line num="27" count="1" type="stmt"/>
      <line num="31" count="1" type="stmt"/>
      <line num="32" count="14" type="stmt"/>
      <line num="33" count="14" type="cond" truecount="4" falsecount="0"/>
      <line num="34" count="2" type="stmt"/>
      <line num="36" count="12" type="stmt"/>
      <line num="37" count="12" type="cond" truecount="4" falsecount="0"/>
      <line num="38" count="1" type="stmt"/>
      <line num="40" count="11" type="stmt"/>
      <line num="41" count="11" type="stmt"/>
      <line num="42" count="11" type="stmt"/>
      <line num="44" count="0" type="stmt"/>
      <line num="50" count="1" type="stmt"/>
      <line num="51" count="6" type="stmt"/>
      <line num="52" count="6" type="cond" truecount="4" falsecount="0"/>
      <line num="53" count="1" type="stmt"/>
      <line num="55" count="5" type="stmt"/>
      <line num="56" count="5" type="cond" truecount="2" falsecount="0"/>
      <line num="57" count="5" type="cond" truecount="3" falsecount="1"/>
      <line num="58" count="0" type="stmt"/>
      <line num="60" count="5" type="cond" truecount="4" falsecount="0"/>
      <line num="61" count="1" type="stmt"/>
      <line num="63" count="4" type="stmt"/>
      <line num="64" count="4" type="stmt"/>
      <line num="65" count="3" type="stmt"/>
      <line num="67" count="1" type="cond" truecount="1" falsecount="1"/>
      <line num="68" count="1" type="stmt"/>
      <line num="74" count="1" type="stmt"/>
      <line num="75" count="2" type="stmt"/>
      <line num="76" count="2" type="stmt"/>
      <line num="77" count="2" type="stmt"/>
      <line num="82" count="1" type="stmt"/>
      <line num="83" count="2" type="stmt"/>
      <line num="84" count="2" type="stmt"/>
      <line num="85" count="2" type="stmt"/>
      <line num="90" count="1" type="stmt"/>
      <line num="91" count="3" type="stmt"/>
      <line num="92" count="3" type="cond" truecount="5" falsecount="0"/>
      <line num="93" count="1" type="stmt"/>
      <line num="97" count="2" type="stmt"/>
      <line num="98" count="2" type="cond" truecount="4" falsecount="0"/>
      <line num="99" count="1" type="stmt"/>
      <line num="101" count="1" type="stmt"/>
      <line num="102" count="1" type="stmt"/>
      <line num="103" count="1" type="stmt"/>
      <line num="107" count="1" type="stmt"/>
      <line num="109" count="0" type="stmt"/>
      <line num="115" count="1" type="stmt"/>
      <line num="116" count="2" type="stmt"/>
      <line num="117" count="2" type="stmt"/>
      <line num="126" count="1" type="stmt"/>
      <line num="127" count="0" type="stmt"/>
      <line num="132" count="1" type="cond" truecount="2" falsecount="0"/>
      <line num="134" count="1" type="cond" truecount="1" falsecount="1"/>
      <line num="135" count="0" type="stmt"/>
      <line num="136" count="0" type="stmt"/>
      <line num="140" count="1" type="stmt"/>
    </file>
  </project>
</coverage>
