{"/home/runner/work/Blue-Star/Blue-Star/freepay.js": {"path":"/home/runner/work/Blue-Star/Blue-Star/freepay.js","statementMap":{"0":{"start":{"line":12,"column":23},"end":{"line":12,"column":38}},"1":{"start":{"line":13,"column":12},"end":{"line":13,"column":28}},"2":{"start":{"line":16,"column":16},"end":{"line":16,"column":25}},"3":{"start":{"line":24,"column":2},"end":{"line":26,"column":3}},"4":{"start":{"line":25,"column":4},"end":{"line":25,"column":48}},"5":{"start":{"line":27,"column":2},"end":{"line":27,"column":29}},"6":{"start":{"line":40,"column":2},"end":{"line":42,"column":3}},"7":{"start":{"line":41,"column":4},"end":{"line":41,"column":70}},"8":{"start":{"line":43,"column":2},"end":{"line":45,"column":3}},"9":{"start":{"line":44,"column":4},"end":{"line":44,"column":69}},"10":{"start":{"line":47,"column":17},"end":{"line":47,"column":34}},"11":{"start":{"line":48,"column":2},"end":{"line":48,"column":27}},"12":{"start":{"line":50,"column":13},"end":{"line":58,"column":3}},"13":{"start":{"line":60,"column":2},"end":{"line":60,"column":17}},"14":{"start":{"line":61,"column":2},"end":{"line":61,"column":97}},"15":{"start":{"line":75,"column":2},"end":{"line":77,"column":3}},"16":{"start":{"line":76,"column":4},"end":{"line":76,"column":62}},"17":{"start":{"line":78,"column":2},"end":{"line":80,"column":3}},"18":{"start":{"line":79,"column":4},"end":{"line":79,"column":60}},"19":{"start":{"line":81,"column":2},"end":{"line":83,"column":3}},"20":{"start":{"line":82,"column":4},"end":{"line":82,"column":62}},"21":{"start":{"line":85,"column":16},"end":{"line":85,"column":27}},"22":{"start":{"line":86,"column":17},"end":{"line":86,"column":34}},"23":{"start":{"line":88,"column":2},"end":{"line":92,"column":3}},"24":{"start":{"line":89,"column":4},"end":{"line":91,"column":6}},"25":{"start":{"line":94,"column":2},"end":{"line":94,"column":26}},"26":{"start":{"line":96,"column":13},"end":{"line":106,"column":3}},"27":{"start":{"line":108,"column":2},"end":{"line":108,"column":17}},"28":{"start":{"line":110,"column":2},"end":{"line":116,"column":4}},"29":{"start":{"line":125,"column":2},"end":{"line":125,"column":35}},"30":{"start":{"line":132,"column":2},"end":{"line":132,"column":18}},"31":{"start":{"line":135,"column":0},"end":{"line":135,"column":79}}},"fnMap":{"0":{"name":"getWallet","decl":{"start":{"line":23,"column":9},"end":{"line":23,"column":18}},"loc":{"start":{"line":23,"column":27},"end":{"line":28,"column":1}},"line":23},"1":{"name":"issueCredit","decl":{"start":{"line":39,"column":9},"end":{"line":39,"column":20}},"loc":{"start":{"line":39,"column":45},"end":{"line":62,"column":1}},"line":39},"2":{"name":"pay","decl":{"start":{"line":74,"column":9},"end":{"line":74,"column":12}},"loc":{"start":{"line":74,"column":45},"end":{"line":117,"column":1}},"line":74},"3":{"name":"getBalance","decl":{"start":{"line":124,"column":9},"end":{"line":124,"column":19}},"loc":{"start":{"line":124,"column":28},"end":{"line":126,"column":1}},"line":124},"4":{"name":"_resetForTesting","decl":{"start":{"line":131,"column":9},"end":{"line":131,"column":25}},"loc":{"start":{"line":131,"column":28},"end":{"line":133,"column":1}},"line":131}},"branchMap":{"0":{"loc":{"start":{"line":24,"column":2},"end":{"line":26,"column":3}},"type":"if","locations":[{"start":{"line":24,"column":2},"end":{"line":26,"column":3}},{"start":{},"end":{}}],"line":24},"1":{"loc":{"start":{"line":40,"column":2},"end":{"line":42,"column":3}},"type":"if","locations":[{"start":{"line":40,"column":2},"end":{"line":42,"column":3}},{"start":{},"end":{}}],"line":40},"2":{"loc":{"start":{"line":40,"column":6},"end":{"line":40,"column":43}},"type":"binary-expr","locations":[{"start":{"line":40,"column":6},"end":{"line":40,"column":13}},{"start":{"line":40,"column":17},"end":{"line":40,"column":43}}],"line":40},"3":{"loc":{"start":{"line":43,"column":2},"end":{"line":45,"column":3}},"type":"if","locations":[{"start":{"line":43,"column":2},"end":{"line":45,"column":3}},{"start":{},"end":{}}],"line":43},"4":{"loc":{"start":{"line":43,"column":6},"end":{"line":43,"column":47}},"type":"binary-expr","locations":[{"start":{"line":43,"column":6},"end":{"line":43,"column":32}},{"start":{"line":43,"column":36},"end":{"line":43,"column":47}}],"line":43},"5":{"loc":{"start":{"line":54,"column":12},"end":{"line":54,"column":26}},"type":"binary-expr","locations":[{"start":{"line":54,"column":12},"end":{"line":54,"column":18}},{"start":{"line":54,"column":22},"end":{"line":54,"column":26}}],"line":54},"6":{"loc":{"start":{"line":74,"column":36},"end":{"line":74,"column":43}},"type":"default-arg","locations":[{"start":{"line":74,"column":42},"end":{"line":74,"column":43}}],"line":74},"7":{"loc":{"start":{"line":75,"column":2},"end":{"line":77,"column":3}},"type":"if","locations":[{"start":{"line":75,"column":2},"end":{"line":77,"column":3}},{"start":{},"end":{}}],"line":75},"8":{"loc":{"start":{"line":75,"column":6},"end":{"line":75,"column":43}},"type":"binary-expr","locations":[{"start":{"line":75,"column":6},"end":{"line":75,"column":13}},{"start":{"line":75,"column":17},"end":{"line":75,"column":43}}],"line":75},"9":{"loc":{"start":{"line":78,"column":2},"end":{"line":80,"column":3}},"type":"if","locations":[{"start":{"line":78,"column":2},"end":{"line":80,"column":3}},{"start":{},"end":{}}],"line":78},"10":{"loc":{"start":{"line":78,"column":6},"end":{"line":78,"column":45}},"type":"binary-expr","locations":[{"start":{"line":78,"column":6},"end":{"line":78,"column":31}},{"start":{"line":78,"column":35},"end":{"line":78,"column":45}}],"line":78},"11":{"loc":{"start":{"line":81,"column":2},"end":{"line":83,"column":3}},"type":"if","locations":[{"start":{"line":81,"column":2},"end":{"line":83,"column":3}},{"start":{},"end":{}}],"line":81},"12":{"loc":{"start":{"line":81,"column":6},"end":{"line":81,"column":40}},"type":"binary-expr","locations":[{"start":{"line":81,"column":6},"end":{"line":81,"column":29}},{"start":{"line":81,"column":33},"end":{"line":81,"column":40}}],"line":81},"13":{"loc":{"start":{"line":88,"column":2},"end":{"line":92,"column":3}},"type":"if","locations":[{"start":{"line":88,"column":2},"end":{"line":92,"column":3}},{"start":{},"end":{}}],"line":88},"14":{"loc":{"start":{"line":100,"column":12},"end":{"line":100,"column":26}},"type":"binary-expr","locations":[{"start":{"line":100,"column":12},"end":{"line":100,"column":18}},{"start":{"line":100,"column":22},"end":{"line":100,"column":26}}],"line":100}},"s":{"0":2,"1":2,"2":2,"3":48,"4":28,"5":48,"6":28,"7":1,"8":27,"9":2,"10":25,"11":25,"12":25,"13":25,"14":25,"15":14,"16":0,"17":14,"18":2,"19":12,"20":1,"21":11,"22":11,"23":11,"24":2,"25":9,"26":9,"27":9,"28":9,"29":9,"30":36,"31":2},"f":{"0":48,"1":28,"2":14,"3":9,"4":36},"b":{"0":[28,20],"1":[1,27],"2":[28,27],"3":[2,25],"4":[27,27],"5":[25,10],"6":[5],"7":[0,14],"8":[14,14],"9":[2,12],"10":[14,14],"11":[1,11],"12":[12,12],"13":[2,9],"14":[9,1]},"_coverageSchema":"1a1c01bbd47fc00a2c39e90264f33305004495a9","hash":"5a167d176f9ee79c7dba5ab720a6cf6b39dc00a7"}
,"/home/runner/work/Blue-Star/Blue-Star/gls.js": {"path":"/home/runner/work/Blue-Star/Blue-Star/gls.js","statementMap":{"0":{"start":{"line":13,"column":15},"end":{"line":13,"column":17}},"1":{"start":{"line":20,"column":2},"end":{"line":22,"column":3}},"2":{"start":{"line":21,"column":4},"end":{"line":21,"column":65}},"3":{"start":{"line":23,"column":2},"end":{"line":23,"column":49}},"4":{"start":{"line":32,"column":2},"end":{"line":34,"column":3}},"5":{"start":{"line":33,"column":4},"end":{"line":33,"column":55}},"6":{"start":{"line":33,"column":33},"end":{"line":33,"column":53}},"7":{"start":{"line":35,"column":2},"end":{"line":35,"column":21}},"8":{"start":{"line":44,"column":2},"end":{"line":46,"column":45}},"9":{"start":{"line":45,"column":20},"end":{"line":45,"column":40}},"10":{"start":{"line":46,"column":25},"end":{"line":46,"column":40}},"11":{"start":{"line":55,"column":2},"end":{"line":57,"column":49}},"12":{"start":{"line":56,"column":20},"end":{"line":56,"column":41}},"13":{"start":{"line":57,"column":25},"end":{"line":57,"column":44}},"14":{"start":{"line":64,"column":2},"end":{"line":64,"column":20}},"15":{"start":{"line":67,"column":0},"end":{"line":67,"column":103}}},"fnMap":{"0":{"name":"record","decl":{"start":{"line":19,"column":9},"end":{"line":19,"column":15}},"loc":{"start":{"line":19,"column":29},"end":{"line":24,"column":1}},"line":19},"1":{"name":"getTransactions","decl":{"start":{"line":31,"column":9},"end":{"line":31,"column":24}},"loc":{"start":{"line":31,"column":33},"end":{"line":36,"column":1}},"line":31},"2":{"name":"(anonymous_2)","decl":{"start":{"line":33,"column":25},"end":{"line":33,"column":26}},"loc":{"start":{"line":33,"column":33},"end":{"line":33,"column":53}},"line":33},"3":{"name":"totalCreditsIssued","decl":{"start":{"line":43,"column":9},"end":{"line":43,"column":27}},"loc":{"start":{"line":43,"column":36},"end":{"line":47,"column":1}},"line":43},"4":{"name":"(anonymous_4)","decl":{"start":{"line":45,"column":12},"end":{"line":45,"column":13}},"loc":{"start":{"line":45,"column":20},"end":{"line":45,"column":40}},"line":45},"5":{"name":"(anonymous_5)","decl":{"start":{"line":46,"column":12},"end":{"line":46,"column":13}},"loc":{"start":{"line":46,"column":25},"end":{"line":46,"column":40}},"line":46},"6":{"name":"totalTipsCollected","decl":{"start":{"line":54,"column":9},"end":{"line":54,"column":27}},"loc":{"start":{"line":54,"column":36},"end":{"line":58,"column":1}},"line":54},"7":{"name":"(anonymous_7)","decl":{"start":{"line":56,"column":12},"end":{"line":56,"column":13}},"loc":{"start":{"line":56,"column":20},"end":{"line":56,"column":41}},"line":56},"8":{"name":"(anonymous_8)","decl":{"start":{"line":57,"column":12},"end":{"line":57,"column":13}},"loc":{"start":{"line":57,"column":25},"end":{"line":57,"column":44}},"line":57},"9":{"name":"_resetForTesting","decl":{"start":{"line":63,"column":9},"end":{"line":63,"column":25}},"loc":{"start":{"line":63,"column":28},"end":{"line":65,"column":1}},"line":63}},"branchMap":{"0":{"loc":{"start":{"line":20,"column":2},"end":{"line":22,"column":3}},"type":"if","locations":[{"start":{"line":20,"column":2},"end":{"line":22,"column":3}},{"start":{},"end":{}}],"line":20},"1":{"loc":{"start":{"line":20,"column":6},"end":{"line":20,"column":53}},"type":"binary-expr","locations":[{"start":{"line":20,"column":6},"end":{"line":20,"column":18}},{"start":{"line":20,"column":22},"end":{"line":20,"column":53}}],"line":20},"2":{"loc":{"start":{"line":32,"column":2},"end":{"line":34,"column":3}},"type":"if","locations":[{"start":{"line":32,"column":2},"end":{"line":34,"column":3}},{"start":{},"end":{}}],"line":32},"3":{"loc":{"start":{"line":57,"column":32},"end":{"line":57,"column":43}},"type":"binary-expr","locations":[{"start":{"line":57,"column":32},"end":{"line":57,"column":38}},{"start":{"line":57,"column":42},"end":{"line":57,"column":43}}],"line":57}},"s":{"0":3,"1":63,"2":2,"3":61,"4":21,"5":13,"6":32,"7":8,"8":5,"9":11,"10":8,"11":5,"12":11,"13":7,"14":46,"15":3},"f":{"0":63,"1":21,"2":32,"3":5,"4":11,"5":8,"6":5,"7":11,"8":7,"9":46},"b":{"0":[2,61],"1":[63,62],"2":[13,8],"3":[7,0]},"_coverageSchema":"1a1c01bbd47fc00a2c39e90264f33305004495a9","hash":"edc7a04cc6a04308ec68547956ea0d7a0cf37d40"}
,"/home/runner/work/Blue-Star/Blue-Star/qr.js": {"path":"/home/runner/work/Blue-Star/Blue-Star/qr.js","statementMap":{"0":{"start":{"line":11,"column":15},"end":{"line":11,"column":32}},"1":{"start":{"line":24,"column":14},"end":{"line":24,"column":43}},"2":{"start":{"line":25,"column":2},"end":{"line":25,"column":46}},"3":{"start":{"line":26,"column":2},"end":{"line":26,"column":42}},"4":{"start":{"line":27,"column":2},"end":{"line":27,"column":52}},"5":{"start":{"line":28,"column":2},"end":{"line":30,"column":3}},"6":{"start":{"line":29,"column":4},"end":{"line":29,"column":52}},"7":{"start":{"line":31,"column":2},"end":{"line":31,"column":24}},"8":{"start":{"line":43,"column":2},"end":{"line":47,"column":3}},"9":{"start":{"line":44,"column":4},"end":{"line":46,"column":6}},"10":{"start":{"line":48,"column":2},"end":{"line":50,"column":3}},"11":{"start":{"line":49,"column":4},"end":{"line":49,"column":74}},"12":{"start":{"line":52,"column":21},"end":{"line":52,"column":51}},"13":{"start":{"line":53,"column":18},"end":{"line":53,"column":73}},"14":{"start":{"line":54,"column":2},"end":{"line":54,"column":47}},"15":{"start":{"line":57,"column":0},"end":{"line":57,"column":53}}},"fnMap":{"0":{"name":"buildPaymentUrl","decl":{"start":{"line":23,"column":9},"end":{"line":23,"column":24}},"loc":{"start":{"line":23,"column":40},"end":{"line":32,"column":1}},"line":23},"1":{"name":"generateQRCode","decl":{"start":{"line":42,"column":15},"end":{"line":42,"column":29}},"loc":{"start":{"line":42,"column":61},"end":{"line":55,"column":1}},"line":42}},"branchMap":{"0":{"loc":{"start":{"line":28,"column":2},"end":{"line":30,"column":3}},"type":"if","locations":[{"start":{"line":28,"column":2},"end":{"line":30,"column":3}},{"start":{},"end":{}}],"line":28},"1":{"loc":{"start":{"line":42,"column":45},"end":{"line":42,"column":59}},"type":"default-arg","locations":[{"start":{"line":42,"column":57},"end":{"line":42,"column":59}}],"line":42},"2":{"loc":{"start":{"line":43,"column":2},"end":{"line":47,"column":3}},"type":"if","locations":[{"start":{"line":43,"column":2},"end":{"line":47,"column":3}},{"start":{},"end":{}}],"line":43},"3":{"loc":{"start":{"line":43,"column":6},"end":{"line":43,"column":75}},"type":"binary-expr","locations":[{"start":{"line":43,"column":6},"end":{"line":43,"column":11}},{"start":{"line":43,"column":15},"end":{"line":43,"column":27}},{"start":{"line":43,"column":31},"end":{"line":43,"column":41}},{"start":{"line":43,"column":45},"end":{"line":43,"column":75}}],"line":43},"4":{"loc":{"start":{"line":48,"column":2},"end":{"line":50,"column":3}},"type":"if","locations":[{"start":{"line":48,"column":2},"end":{"line":50,"column":3}},{"start":{},"end":{}}],"line":48},"5":{"loc":{"start":{"line":48,"column":6},"end":{"line":48,"column":45}},"type":"binary-expr","locations":[{"start":{"line":48,"column":6},"end":{"line":48,"column":14}},{"start":{"line":48,"column":18},"end":{"line":48,"column":45}}],"line":48}},"s":{"0":1,"1":1,"2":1,"3":1,"4":1,"5":1,"6":0,"7":1,"8":1,"9":0,"10":1,"11":0,"12":1,"13":1,"14":1,"15":1},"f":{"0":1,"1":1},"b":{"0":[0,1],"1":[1],"2":[0,1],"3":[1,1,1,1],"4":[0,1],"5":[1,1]},"_coverageSchema":"1a1c01bbd47fc00a2c39e90264f33305004495a9","hash":"2b40bb13f7a8fef06591846a06f77a5713312d91"}
,"/home/runner/work/Blue-Star/Blue-Star/server.js": {"path":"/home/runner/work/Blue-Star/Blue-Star/server.js","statementMap":{"0":{"start":{"line":19,"column":13},"end":{"line":19,"column":28}},"1":{"start":{"line":20,"column":16},"end":{"line":20,"column":34}},"2":{"start":{"line":21,"column":16},"end":{"line":21,"column":36}},"3":{"start":{"line":22,"column":18},"end":{"line":22,"column":34}},"4":{"start":{"line":23,"column":27},"end":{"line":23,"column":42}},"5":{"start":{"line":25,"column":12},"end":{"line":25,"column":21}},"6":{"start":{"line":26,"column":0},"end":{"line":26,"column":24}},"7":{"start":{"line":27,"column":0},"end":{"line":27,"column":56}},"8":{"start":{"line":31,"column":0},"end":{"line":46,"column":3}},"9":{"start":{"line":32,"column":37},"end":{"line":32,"column":45}},"10":{"start":{"line":33,"column":2},"end":{"line":35,"column":3}},"11":{"start":{"line":34,"column":4},"end":{"line":34,"column":77}},"12":{"start":{"line":36,"column":24},"end":{"line":36,"column":38}},"13":{"start":{"line":37,"column":2},"end":{"line":39,"column":3}},"14":{"start":{"line":38,"column":4},"end":{"line":38,"column":79}},"15":{"start":{"line":40,"column":2},"end":{"line":45,"column":3}},"16":{"start":{"line":41,"column":19},"end":{"line":41,"column":69}},"17":{"start":{"line":42,"column":4},"end":{"line":42,"column":40}},"18":{"start":{"line":44,"column":4},"end":{"line":44,"column":56}},"19":{"start":{"line":50,"column":0},"end":{"line":70,"column":3}},"20":{"start":{"line":51,"column":41},"end":{"line":51,"column":49}},"21":{"start":{"line":52,"column":2},"end":{"line":54,"column":3}},"22":{"start":{"line":53,"column":4},"end":{"line":53,"column":76}},"23":{"start":{"line":55,"column":23},"end":{"line":55,"column":36}},"24":{"start":{"line":56,"column":21},"end":{"line":56,"column":50}},"25":{"start":{"line":57,"column":2},"end":{"line":59,"column":3}},"26":{"start":{"line":58,"column":4},"end":{"line":58,"column":78}},"27":{"start":{"line":60,"column":2},"end":{"line":62,"column":3}},"28":{"start":{"line":61,"column":4},"end":{"line":61,"column":80}},"29":{"start":{"line":63,"column":2},"end":{"line":69,"column":3}},"30":{"start":{"line":64,"column":19},"end":{"line":64,"column":72}},"31":{"start":{"line":65,"column":4},"end":{"line":65,"column":28}},"32":{"start":{"line":67,"column":19},"end":{"line":67,"column":67}},"33":{"start":{"line":68,"column":4},"end":{"line":68,"column":59}},"34":{"start":{"line":74,"column":0},"end":{"line":78,"column":3}},"35":{"start":{"line":75,"column":21},"end":{"line":75,"column":31}},"36":{"start":{"line":76,"column":18},"end":{"line":76,"column":44}},"37":{"start":{"line":77,"column":2},"end":{"line":77,"column":39}},"38":{"start":{"line":82,"column":0},"end":{"line":86,"column":3}},"39":{"start":{"line":83,"column":21},"end":{"line":83,"column":31}},"40":{"start":{"line":84,"column":23},"end":{"line":84,"column":56}},"41":{"start":{"line":85,"column":2},"end":{"line":85,"column":44}},"42":{"start":{"line":90,"column":0},"end":{"line":111,"column":3}},"43":{"start":{"line":91,"column":44},"end":{"line":91,"column":53}},"44":{"start":{"line":92,"column":2},"end":{"line":96,"column":3}},"45":{"start":{"line":93,"column":4},"end":{"line":95,"column":80}},"46":{"start":{"line":97,"column":23},"end":{"line":97,"column":36}},"47":{"start":{"line":98,"column":2},"end":{"line":100,"column":3}},"48":{"start":{"line":99,"column":4},"end":{"line":99,"column":78}},"49":{"start":{"line":101,"column":2},"end":{"line":110,"column":3}},"50":{"start":{"line":102,"column":20},"end":{"line":102,"column":58}},"51":{"start":{"line":103,"column":20},"end":{"line":106,"column":5}},"52":{"start":{"line":107,"column":4},"end":{"line":107,"column":41}},"53":{"start":{"line":109,"column":4},"end":{"line":109,"column":56}},"54":{"start":{"line":115,"column":0},"end":{"line":122,"column":3}},"55":{"start":{"line":116,"column":21},"end":{"line":116,"column":30}},"56":{"start":{"line":117,"column":2},"end":{"line":121,"column":5}},"57":{"start":{"line":126,"column":0},"end":{"line":128,"column":3}},"58":{"start":{"line":127,"column":2},"end":{"line":127,"column":61}},"59":{"start":{"line":132,"column":13},"end":{"line":132,"column":37}},"60":{"start":{"line":134,"column":0},"end":{"line":138,"column":1}},"61":{"start":{"line":135,"column":2},"end":{"line":137,"column":5}},"62":{"start":{"line":136,"column":4},"end":{"line":136,"column":70}},"63":{"start":{"line":140,"column":0},"end":{"line":140,"column":21}}},"fnMap":{"0":{"name":"(anonymous_0)","decl":{"start":{"line":31,"column":24},"end":{"line":31,"column":25}},"loc":{"start":{"line":31,"column":38},"end":{"line":46,"column":1}},"line":31},"1":{"name":"(anonymous_1)","decl":{"start":{"line":50,"column":21},"end":{"line":50,"column":22}},"loc":{"start":{"line":50,"column":35},"end":{"line":70,"column":1}},"line":50},"2":{"name":"(anonymous_2)","decl":{"start":{"line":74,"column":32},"end":{"line":74,"column":33}},"loc":{"start":{"line":74,"column":46},"end":{"line":78,"column":1}},"line":74},"3":{"name":"(anonymous_3)","decl":{"start":{"line":82,"column":37},"end":{"line":82,"column":38}},"loc":{"start":{"line":82,"column":51},"end":{"line":86,"column":1}},"line":82},"4":{"name":"(anonymous_4)","decl":{"start":{"line":90,"column":19},"end":{"line":90,"column":20}},"loc":{"start":{"line":90,"column":39},"end":{"line":111,"column":1}},"line":90},"5":{"name":"(anonymous_5)","decl":{"start":{"line":115,"column":22},"end":{"line":115,"column":23}},"loc":{"start":{"line":115,"column":36},"end":{"line":122,"column":1}},"line":115},"6":{"name":"(anonymous_6)","decl":{"start":{"line":126,"column":21},"end":{"line":126,"column":22}},"loc":{"start":{"line":126,"column":36},"end":{"line":128,"column":1}},"line":126},"7":{"name":"(anonymous_7)","decl":{"start":{"line":135,"column":19},"end":{"line":135,"column":20}},"loc":{"start":{"line":135,"column":25},"end":{"line":137,"column":3}},"line":135}},"branchMap":{"0":{"loc":{"start":{"line":33,"column":2},"end":{"line":35,"column":3}},"type":"if","locations":[{"start":{"line":33,"column":2},"end":{"line":35,"column":3}},{"start":{},"end":{}}],"line":33},"1":{"loc":{"start":{"line":33,"column":6},"end":{"line":33,"column":31}},"type":"binary-expr","locations":[{"start":{"line":33,"column":6},"end":{"line":33,"column":13}},{"start":{"line":33,"column":17},"end":{"line":33,"column":31}}],"line":33},"2":{"loc":{"start":{"line":37,"column":2},"end":{"line":39,"column":3}},"type":"if","locations":[{"start":{"line":37,"column":2},"end":{"line":39,"column":3}},{"start":{},"end":{}}],"line":37},"3":{"loc":{"start":{"line":37,"column":6},"end":{"line":37,"column":59}},"type":"binary-expr","locations":[{"start":{"line":37,"column":6},"end":{"line":37,"column":37}},{"start":{"line":37,"column":41},"end":{"line":37,"column":59}}],"line":37},"4":{"loc":{"start":{"line":52,"column":2},"end":{"line":54,"column":3}},"type":"if","locations":[{"start":{"line":52,"column":2},"end":{"line":54,"column":3}},{"start":{},"end":{}}],"line":52},"5":{"loc":{"start":{"line":52,"column":6},"end":{"line":52,"column":30}},"type":"binary-expr","locations":[{"start":{"line":52,"column":6},"end":{"line":52,"column":13}},{"start":{"line":52,"column":17},"end":{"line":52,"column":30}}],"line":52},"6":{"loc":{"start":{"line":56,"column":21},"end":{"line":56,"column":50}},"type":"cond-expr","locations":[{"start":{"line":56,"column":35},"end":{"line":56,"column":46}},{"start":{"line":56,"column":49},"end":{"line":56,"column":50}}],"line":56},"7":{"loc":{"start":{"line":57,"column":2},"end":{"line":59,"column":3}},"type":"if","locations":[{"start":{"line":57,"column":2},"end":{"line":59,"column":3}},{"start":{},"end":{}}],"line":57},"8":{"loc":{"start":{"line":57,"column":6},"end":{"line":57,"column":57}},"type":"binary-expr","locations":[{"start":{"line":57,"column":6},"end":{"line":57,"column":36}},{"start":{"line":57,"column":40},"end":{"line":57,"column":57}}],"line":57},"9":{"loc":{"start":{"line":60,"column":2},"end":{"line":62,"column":3}},"type":"if","locations":[{"start":{"line":60,"column":2},"end":{"line":62,"column":3}},{"start":{},"end":{}}],"line":60},"10":{"loc":{"start":{"line":60,"column":6},"end":{"line":60,"column":52}},"type":"binary-expr","locations":[{"start":{"line":60,"column":6},"end":{"line":60,"column":34}},{"start":{"line":60,"column":38},"end":{"line":60,"column":52}}],"line":60},"11":{"loc":{"start":{"line":67,"column":19},"end":{"line":67,"column":67}},"type":"cond-expr","locations":[{"start":{"line":67,"column":58},"end":{"line":67,"column":61}},{"start":{"line":67,"column":64},"end":{"line":67,"column":67}}],"line":67},"12":{"loc":{"start":{"line":92,"column":2},"end":{"line":96,"column":3}},"type":"if","locations":[{"start":{"line":92,"column":2},"end":{"line":96,"column":3}},{"start":{},"end":{}}],"line":92},"13":{"loc":{"start":{"line":92,"column":6},"end":{"line":92,"column":39}},"type":"binary-expr","locations":[{"start":{"line":92,"column":6},"end":{"line":92,"column":13}},{"start":{"line":92,"column":17},"end":{"line":92,"column":22}},{"start":{"line":92,"column":26},"end":{"line":92,"column":39}}],"line":92},"14":{"loc":{"start":{"line":98,"column":2},"end":{"line":100,"column":3}},"type":"if","locations":[{"start":{"line":98,"column":2},"end":{"line":100,"column":3}},{"start":{},"end":{}}],"line":98},"15":{"loc":{"start":{"line":98,"column":6},"end":{"line":98,"column":57}},"type":"binary-expr","locations":[{"start":{"line":98,"column":6},"end":{"line":98,"column":36}},{"start":{"line":98,"column":40},"end":{"line":98,"column":57}}],"line":98},"16":{"loc":{"start":{"line":118,"column":53},"end":{"line":118,"column":72}},"type":"binary-expr","locations":[{"start":{"line":118,"column":53},"end":{"line":118,"column":59}},{"start":{"line":118,"column":63},"end":{"line":118,"column":72}}],"line":118},"17":{"loc":{"start":{"line":119,"column":53},"end":{"line":119,"column":72}},"type":"binary-expr","locations":[{"start":{"line":119,"column":53},"end":{"line":119,"column":59}},{"start":{"line":119,"column":63},"end":{"line":119,"column":72}}],"line":119},"18":{"loc":{"start":{"line":120,"column":48},"end":{"line":120,"column":67}},"type":"binary-expr","locations":[{"start":{"line":120,"column":48},"end":{"line":120,"column":54}},{"start":{"line":120,"column":58},"end":{"line":120,"column":67}}],"line":120},"19":{"loc":{"start":{"line":132,"column":13},"end":{"line":132,"column":37}},"type":"binary-expr","locations":[{"start":{"line":132,"column":13},"end":{"line":132,"column":29}},{"start":{"line":132,"column":33},"end":{"line":132,"column":37}}],"line":132},"20":{"loc":{"start":{"line":134,"column":0},"end":{"line":138,"column":1}},"type":"if","locations":[{"start":{"line":134,"column":0},"end":{"line":138,"column":1}},{"start":{},"end":{}}],"line":134}},"s":{"0":1,"1":1,"2":1,"3":1,"4":1,"5":1,"6":1,"7":1,"8":1,"9":14,"10":14,"11":2,"12":12,"13":12,"14":1,"15":11,"16":11,"17":11,"18":0,"19":1,"20":6,"21":6,"22":1,"23":5,"24":5,"25":5,"26":0,"27":5,"28":1,"29":4,"30":4,"31":3,"32":1,"33":1,"34":1,"35":2,"36":2,"37":2,"38":1,"39":2,"40":2,"41":2,"42":1,"43":3,"44":3,"45":1,"46":2,"47":2,"48":1,"49":1,"50":1,"51":1,"52":1,"53":0,"54":1,"55":2,"56":2,"57":1,"58":0,"59":1,"60":1,"61":0,"62":0,"63":1},"f":{"0":14,"1":6,"2":2,"3":2,"4":3,"5":2,"6":0,"7":0},"b":{"0":[2,12],"1":[14,13],"2":[1,11],"3":[12,12],"4":[1,5],"5":[6,5],"6":[3,2],"7":[0,5],"8":[5,5],"9":[1,4],"10":[5,5],"11":[1,0],"12":[1,2],"13":[3,2,2],"14":[1,1],"15":[2,2],"16":[2,1],"17":[2,1],"18":[2,1],"19":[1,1],"20":[0,1]},"_coverageSchema":"1a1c01bbd47fc00a2c39e90264f33305004495a9","hash":"dcb6e8bdf71e3bb24b29a7ae7906923e957a0157"}
}
