TN:
SF:freepay.js
FN:23,getWallet
FN:39,issueCredit
FN:74,pay
FN:124,getBalance
FN:131,_resetForTesting
FNF:5
FNH:5
FNDA:48,getWallet
FNDA:28,issueCredit
FNDA:14,pay
FNDA:9,getBalance
FNDA:36,_resetForTesting
DA:12,2
DA:13,2
DA:16,2
DA:24,48
DA:25,28
DA:27,48
DA:40,28
DA:41,1
DA:43,27
DA:44,2
DA:47,25
DA:48,25
DA:50,25
DA:60,25
DA:61,25
DA:75,14
DA:76,0
DA:78,14
DA:79,2
DA:81,12
DA:82,1
DA:85,11
DA:86,11
DA:88,11
DA:89,2
DA:94,9
DA:96,9
DA:108,9
DA:110,9
DA:125,9
DA:132,36
DA:135,2
LF:32
LH:31
BRDA:24,0,0,28
BRDA:24,0,1,20
BRDA:40,1,0,1
BRDA:40,1,1,27
BRDA:40,2,0,28
BRDA:40,2,1,27
BRDA:43,3,0,2
BRDA:43,3,1,25
BRDA:43,4,0,27
BRDA:43,4,1,27
BRDA:54,5,0,25
BRDA:54,5,1,10
BRDA:74,6,0,5
BRDA:75,7,0,0
BRDA:75,7,1,14
BRDA:75,8,0,14
BRDA:75,8,1,14
BRDA:78,9,0,2
BRDA:78,9,1,12
BRDA:78,10,0,14
BRDA:78,10,1,14
BRDA:81,11,0,1
BRDA:81,11,1,11
BRDA:81,12,0,12
BRDA:81,12,1,12
BRDA:88,13,0,2
BRDA:88,13,1,9
BRDA:100,14,0,9
BRDA:100,14,1,1
BRF:29
BRH:28
end_of_record
TN:
SF:gls.js
FN:19,record
FN:31,getTransactions
FN:33,(anonymous_2)
FN:43,totalCreditsIssued
FN:45,(anonymous_4)
FN:46,(anonymous_5)
FN:54,totalTipsCollected
FN:56,(anonymous_7)
FN:57,(anonymous_8)
FN:63,_resetForTesting
FNF:10
FNH:10
FNDA:63,record
FNDA:21,getTransactions
FNDA:32,(anonymous_2)
FNDA:5,totalCreditsIssued
FNDA:11,(anonymous_4)
FNDA:8,(anonymous_5)
FNDA:5,totalTipsCollected
FNDA:11,(anonymous_7)
FNDA:7,(anonymous_8)
FNDA:46,_resetForTesting
DA:13,3
DA:20,63
DA:21,2
DA:23,61
DA:32,21
DA:33,32
DA:35,8
DA:44,5
DA:45,11
DA:46,8
DA:55,5
DA:56,11
DA:57,7
DA:64,46
DA:67,3
LF:15
LH:15
BRDA:20,0,0,2
BRDA:20,0,1,61
BRDA:20,1,0,63
BRDA:20,1,1,62
BRDA:32,2,0,13
BRDA:32,2,1,8
BRDA:57,3,0,7
BRDA:57,3,1,0
BRF:8
BRH:7
end_of_record
TN:
SF:qr.js
FN:23,buildPaymentUrl
FN:42,generateQRCode
FNF:2
FNH:2
FNDA:1,buildPaymentUrl
FNDA:1,generateQRCode
DA:11,1
DA:24,1
DA:25,1
DA:26,1
DA:27,1
DA:28,1
DA:29,0
DA:31,1
DA:43,1
DA:44,0
DA:48,1
DA:49,0
DA:52,1
DA:53,1
DA:54,1
DA:57,1
LF:16
LH:13
BRDA:28,0,0,0
BRDA:28,0,1,1
BRDA:42,1,0,1
BRDA:43,2,0,0
BRDA:43,2,1,1
BRDA:43,3,0,1
BRDA:43,3,1,1
BRDA:43,3,2,1
BRDA:43,3,3,1
BRDA:48,4,0,0
BRDA:48,4,1,1
BRDA:48,5,0,1
BRDA:48,5,1,1
BRF:13
BRH:10
end_of_record
TN:
SF:server.js
FN:31,(anonymous_0)
FN:50,(anonymous_1)
FN:74,(anonymous_2)
FN:82,(anonymous_3)
FN:90,(anonymous_4)
FN:115,(anonymous_5)
FN:126,(anonymous_6)
FN:135,(anonymous_7)
FNF:8
FNH:6
FNDA:14,(anonymous_0)
FNDA:6,(anonymous_1)
FNDA:2,(anonymous_2)
FNDA:2,(anonymous_3)
FNDA:3,(anonymous_4)
FNDA:2,(anonymous_5)
FNDA:0,(anonymous_6)
FNDA:0,(anonymous_7)
DA:19,1
DA:20,1
DA:21,1
DA:22,1
DA:23,1
DA:25,1
DA:26,1
DA:27,1
DA:31,1
DA:32,14
DA:33,14
DA:34,2
DA:36,12
DA:37,12
DA:38,1
DA:40,11
DA:41,11
DA:42,11
DA:44,0
DA:50,1
DA:51,6
DA:52,6
DA:53,1
DA:55,5
DA:56,5
DA:57,5
DA:58,0
DA:60,5
DA:61,1
DA:63,4
DA:64,4
DA:65,3
DA:67,1
DA:68,1
DA:74,1
DA:75,2
DA:76,2
DA:77,2
DA:82,1
DA:83,2
DA:84,2
DA:85,2
DA:90,1
DA:91,3
DA:92,3
DA:93,1
DA:97,2
DA:98,2
DA:99,1
DA:101,1
DA:102,1
DA:103,1
DA:107,1
DA:109,0
DA:115,1
DA:116,2
DA:117,2
DA:126,1
DA:127,0
DA:132,1
DA:134,1
DA:135,0
DA:136,0
DA:140,1
LF:64
LH:58
BRDA:33,0,0,2
BRDA:33,0,1,12
BRDA:33,1,0,14
BRDA:33,1,1,13
BRDA:37,2,0,1
BRDA:37,2,1,11
BRDA:37,3,0,12
BRDA:37,3,1,12
BRDA:52,4,0,1
BRDA:52,4,1,5
BRDA:52,5,0,6
BRDA:52,5,1,5
BRDA:56,6,0,3
BRDA:56,6,1,2
BRDA:57,7,0,0
BRDA:57,7,1,5
BRDA:57,8,0,5
BRDA:57,8,1,5
BRDA:60,9,0,1
BRDA:60,9,1,4
BRDA:60,10,0,5
BRDA:60,10,1,5
BRDA:67,11,0,1
BRDA:67,11,1,0
BRDA:92,12,0,1
BRDA:92,12,1,2
BRDA:92,13,0,3
BRDA:92,13,1,2
BRDA:92,13,2,2
BRDA:98,14,0,1
BRDA:98,14,1,1
BRDA:98,15,0,2
BRDA:98,15,1,2
BRDA:118,16,0,2
BRDA:118,16,1,1
BRDA:119,17,0,2
BRDA:119,17,1,1
BRDA:120,18,0,2
BRDA:120,18,1,1
BRDA:132,19,0,1
BRDA:132,19,1,1
BRDA:134,20,0,0
BRDA:134,20,1,1
BRF:43
BRH:40
end_of_record
